2025-12-08 12:05:35 - ETL_CSV - INFO - ==================================================
2025-12-08 12:05:35 - ETL_CSV - INFO - DÉBUT DU PIPELINE ETL
2025-12-08 12:05:35 - ETL_CSV - INFO - ==================================================
2025-12-08 12:05:35 - ETL_CSV - INFO - 
[1/3] EXTRACTION
2025-12-08 12:05:35 - ETL_CSV - ERROR - 
PIPELINE ÉCHOUÉ: BaseExtractor.__init__() missing 1 required positional argument: 'logger'
2025-12-08 12:09:06 - ETL_CSV - INFO - ==================================================
2025-12-08 12:09:06 - ETL_CSV - INFO - DÉBUT DU PIPELINE ETL
2025-12-08 12:09:06 - ETL_CSV - INFO - ==================================================
2025-12-08 12:09:06 - ETL_CSV - INFO - 
[1/3] EXTRACTION
2025-12-08 12:09:06 - ETL_CSV - INFO - Extraction de ventes.csv
2025-12-08 12:09:06 - ETL_CSV - ERROR - Erreur extraction CSV: [Errno 2] No such file or directory: 'ventes.csv'
2025-12-08 12:09:06 - ETL_CSV - ERROR - 
PIPELINE ÉCHOUÉ: [Errno 2] No such file or directory: 'ventes.csv'
2025-12-08 12:09:32 - ETL_CSV - INFO - ==================================================
2025-12-08 12:09:32 - ETL_CSV - INFO - DÉBUT DU PIPELINE ETL
2025-12-08 12:09:32 - ETL_CSV - INFO - ==================================================
2025-12-08 12:09:32 - ETL_CSV - INFO - 
[1/3] EXTRACTION
2025-12-08 12:09:32 - ETL_CSV - INFO - Extraction de ventes.csv
2025-12-08 12:09:32 - ETL_CSV - ERROR - Erreur extraction CSV: [Errno 2] No such file or directory: 'ventes.csv'
2025-12-08 12:09:32 - ETL_CSV - ERROR - 
PIPELINE ÉCHOUÉ: [Errno 2] No such file or directory: 'ventes.csv'
2025-12-08 12:12:21 - ETL_CSV - INFO - ==================================================
2025-12-08 12:12:21 - ETL_CSV - INFO - DÉBUT DU PIPELINE ETL
2025-12-08 12:12:21 - ETL_CSV - INFO - ==================================================
2025-12-08 12:12:21 - ETL_CSV - INFO - 
[1/3] EXTRACTION
2025-12-08 12:12:21 - ETL_CSV - INFO - Extraction de ventes.csv
2025-12-08 12:12:21 - ETL_CSV - ERROR - Erreur extraction CSV: [Errno 2] No such file or directory: 'ventes.csv'
2025-12-08 12:12:21 - ETL_CSV - ERROR - 
PIPELINE ÉCHOUÉ: [Errno 2] No such file or directory: 'ventes.csv'
2025-12-08 12:15:08 - ETL_CSV - INFO - ==================================================
2025-12-08 12:15:08 - ETL_CSV - INFO - DÉBUT DU PIPELINE ETL
2025-12-08 12:15:08 - ETL_CSV - INFO - ==================================================
2025-12-08 12:15:08 - ETL_CSV - INFO - 
[1/3] EXTRACTION
2025-12-08 12:15:08 - ETL_CSV - ERROR - 
PIPELINE ÉCHOUÉ: CSVExtractor.__init__() got an unexpected keyword argument 'base_url'
2025-12-08 12:16:09 - ETL_CSV - INFO - ==================================================
2025-12-08 12:16:09 - ETL_CSV - INFO - DÉBUT DU PIPELINE ETL
2025-12-08 12:16:09 - ETL_CSV - INFO - ==================================================
2025-12-08 12:16:09 - ETL_CSV - INFO - 
[1/3] EXTRACTION
2025-12-08 12:16:09 - ETL_CSV - INFO - Extraction de ventes.csv
2025-12-08 12:16:09 - ETL_CSV - ERROR - Erreur extraction CSV: [Errno 2] No such file or directory: 'ventes.csv'
2025-12-08 12:16:09 - ETL_CSV - ERROR - 
PIPELINE ÉCHOUÉ: [Errno 2] No such file or directory: 'ventes.csv'
2025-12-08 12:17:21 - ETL_CSV - INFO - ==================================================
2025-12-08 12:17:21 - ETL_CSV - INFO - DÉBUT DU PIPELINE ETL
2025-12-08 12:17:21 - ETL_CSV - INFO - ==================================================
2025-12-08 12:17:21 - ETL_CSV - INFO - 
[1/3] EXTRACTION
2025-12-08 12:17:21 - ETL_CSV - INFO - Extraction de ventes.csv
2025-12-08 12:17:21 - ETL_CSV - ERROR - Erreur extraction CSV: [Errno 2] No such file or directory: 'ventes.csv'
2025-12-08 12:17:21 - ETL_CSV - ERROR - 
PIPELINE ÉCHOUÉ: [Errno 2] No such file or directory: 'ventes.csv'
2025-12-08 12:25:30 - ETL_CSV - INFO - ==================================================
2025-12-08 12:25:30 - ETL_CSV - INFO - DÉBUT DU PIPELINE ETL
2025-12-08 12:25:30 - ETL_CSV - INFO - ==================================================
2025-12-08 12:25:30 - ETL_CSV - INFO - 
[1/3] EXTRACTION
2025-12-08 12:25:30 - ETL_CSV - INFO - Extraction de ventes.csv
2025-12-08 12:25:30 - ETL_CSV - ERROR - Erreur extraction CSV: [Errno 2] No such file or directory: 'ventes.csv'
2025-12-08 12:25:30 - ETL_CSV - ERROR - 
PIPELINE ÉCHOUÉ: [Errno 2] No such file or directory: 'ventes.csv'
2025-12-08 12:27:46 - ETL_CSV - INFO - ==================================================
2025-12-08 12:27:46 - ETL_CSV - INFO - DÉBUT DU PIPELINE ETL
2025-12-08 12:27:46 - ETL_CSV - INFO - ==================================================
2025-12-08 12:27:46 - ETL_CSV - INFO - 
[1/3] EXTRACTION
2025-12-08 12:27:46 - ETL_CSV - INFO - Extraction de ventes.csv
2025-12-08 12:27:46 - ETL_CSV - ERROR - Erreur extraction CSV: [Errno 2] No such file or directory: 'ventes.csv'
2025-12-08 12:27:46 - ETL_CSV - ERROR - 
PIPELINE ÉCHOUÉ: [Errno 2] No such file or directory: 'ventes.csv'
2025-12-08 12:28:11 - ETL_CSV - INFO - ==================================================
2025-12-08 12:28:11 - ETL_CSV - INFO - DÉBUT DU PIPELINE ETL
2025-12-08 12:28:11 - ETL_CSV - INFO - ==================================================
2025-12-08 12:28:11 - ETL_CSV - INFO - 
[1/3] EXTRACTION
2025-12-08 12:28:11 - ETL_CSV - INFO - Extraction de ventes.csv
2025-12-08 12:28:11 - ETL_CSV - ERROR - Erreur extraction CSV: [Errno 2] No such file or directory: 'ventes.csv'
2025-12-08 12:28:11 - ETL_CSV - ERROR - 
PIPELINE ÉCHOUÉ: [Errno 2] No such file or directory: 'ventes.csv'
2025-12-08 12:28:41 - ETL_CSV - INFO - ==================================================
2025-12-08 12:28:41 - ETL_CSV - INFO - DÉBUT DU PIPELINE ETL
2025-12-08 12:28:41 - ETL_CSV - INFO - ==================================================
2025-12-08 12:28:41 - ETL_CSV - INFO - 
[1/3] EXTRACTION
2025-12-08 12:28:41 - ETL_CSV - INFO - Extraction de ventes.csv
2025-12-08 12:28:41 - ETL_CSV - ERROR - Erreur extraction CSV: [Errno 2] No such file or directory: 'ventes.csv'
2025-12-08 12:28:41 - ETL_CSV - ERROR - 
PIPELINE ÉCHOUÉ: [Errno 2] No such file or directory: 'ventes.csv'
2025-12-08 12:29:34 - ETL_CSV - INFO - ==================================================
2025-12-08 12:29:34 - ETL_CSV - INFO - DÉBUT DU PIPELINE ETL
2025-12-08 12:29:34 - ETL_CSV - INFO - ==================================================
2025-12-08 12:29:34 - ETL_CSV - INFO - 
[1/3] EXTRACTION
2025-12-08 12:29:34 - ETL_CSV - INFO - Extraction de ventes.csv
2025-12-08 12:29:34 - ETL_CSV - INFO - 9 lignes extraites
2025-12-08 12:29:34 - ETL_CSV - INFO - 
[2/3] TRANSFORMATION
2025-12-08 12:29:34 - ETL_CSV - INFO - Nettoyage des données
2025-12-08 12:29:34 - ETL_CSV - INFO -   - 0 doublons supprimés
2025-12-08 12:29:34 - ETL_CSV - INFO - Nettoyage terminé: 9 lignes
2025-12-08 12:29:34 - ETL_CSV - ERROR - 
PIPELINE ÉCHOUÉ: Colonnes manquantes: {'userId', 'body', 'id', 'title'}
2025-12-08 12:30:50 - ETL_CSV - INFO - ==================================================
2025-12-08 12:30:50 - ETL_CSV - INFO - DÉBUT DU PIPELINE ETL
2025-12-08 12:30:50 - ETL_CSV - INFO - ==================================================
2025-12-08 12:30:50 - ETL_CSV - INFO - 
[1/3] EXTRACTION
2025-12-08 12:30:50 - ETL_CSV - INFO - Extraction de ventes.csv
2025-12-08 12:30:50 - ETL_CSV - ERROR - Erreur extraction CSV: [Errno 2] No such file or directory: 'ventes.csv'
2025-12-08 12:30:50 - ETL_CSV - ERROR - 
PIPELINE ÉCHOUÉ: [Errno 2] No such file or directory: 'ventes.csv'
2025-12-08 13:28:01 - ETL_CSV - INFO - ==================================================
2025-12-08 13:28:01 - ETL_CSV - INFO - DÉBUT DU PIPELINE ETL
2025-12-08 13:28:01 - ETL_CSV - INFO - ==================================================
2025-12-08 13:28:01 - ETL_CSV - INFO - 
[1/3] EXTRACTION
2025-12-08 13:28:01 - ETL_CSV - INFO - Extraction de ventes.csv
2025-12-08 13:28:01 - ETL_CSV - ERROR - Erreur extraction CSV: [Errno 2] No such file or directory: 'ventes.csv'
2025-12-08 13:28:01 - ETL_CSV - ERROR - 
PIPELINE ÉCHOUÉ: [Errno 2] No such file or directory: 'ventes.csv'
2025-12-08 13:30:46 - ETL_CSV - INFO - ==================================================
2025-12-08 13:30:46 - ETL_CSV - INFO - DÉBUT DU PIPELINE ETL
2025-12-08 13:30:46 - ETL_CSV - INFO - ==================================================
2025-12-08 13:30:46 - ETL_CSV - INFO - 
[1/3] EXTRACTION
2025-12-08 13:30:46 - ETL_CSV - INFO - Extraction de ventes.csv
2025-12-08 13:30:46 - ETL_CSV - ERROR - Erreur extraction CSV: [Errno 2] No such file or directory: 'ventes.csv'
2025-12-08 13:30:46 - ETL_CSV - ERROR - 
PIPELINE ÉCHOUÉ: [Errno 2] No such file or directory: 'ventes.csv'
2025-12-08 13:31:07 - ETL_CSV - INFO - ==================================================
2025-12-08 13:31:07 - ETL_CSV - INFO - DÉBUT DU PIPELINE ETL
2025-12-08 13:31:07 - ETL_CSV - INFO - ==================================================
2025-12-08 13:31:07 - ETL_CSV - INFO - 
[1/3] EXTRACTION
2025-12-08 13:31:07 - ETL_CSV - INFO - Extraction de ventes.csv
2025-12-08 13:31:07 - ETL_CSV - ERROR - Erreur extraction CSV: [Errno 2] No such file or directory: 'ventes.csv'
2025-12-08 13:31:07 - ETL_CSV - ERROR - 
PIPELINE ÉCHOUÉ: [Errno 2] No such file or directory: 'ventes.csv'
2025-12-08 13:33:08 - ETL_CSV - INFO - ==================================================
2025-12-08 13:33:08 - ETL_CSV - INFO - DÉBUT DU PIPELINE ETL
2025-12-08 13:33:08 - ETL_CSV - INFO - ==================================================
2025-12-08 13:33:08 - ETL_CSV - INFO - 
[1/3] EXTRACTION
2025-12-08 13:33:08 - ETL_CSV - INFO - Extraction de ventes.csv
2025-12-08 13:33:08 - ETL_CSV - ERROR - Erreur extraction CSV: [Errno 2] No such file or directory: 'ventes.csv'
2025-12-08 13:33:08 - ETL_CSV - ERROR - 
PIPELINE ÉCHOUÉ: [Errno 2] No such file or directory: 'ventes.csv'
2025-12-08 13:34:27 - ETL_CSV - INFO - ==================================================
2025-12-08 13:34:27 - ETL_CSV - INFO - DÉBUT DU PIPELINE ETL
2025-12-08 13:34:27 - ETL_CSV - INFO - ==================================================
2025-12-08 13:34:27 - ETL_CSV - INFO - 
[1/3] EXTRACTION
2025-12-08 13:34:27 - ETL_CSV - INFO - Extraction de ventes.csv
2025-12-08 13:34:27 - ETL_CSV - ERROR - Erreur extraction CSV: [Errno 2] No such file or directory: 'ventes.csv'
2025-12-08 13:34:27 - ETL_CSV - ERROR - 
PIPELINE ÉCHOUÉ: [Errno 2] No such file or directory: 'ventes.csv'
2025-12-08 13:35:15 - ETL_CSV - INFO - ==================================================
2025-12-08 13:35:15 - ETL_CSV - INFO - DÉBUT DU PIPELINE ETL
2025-12-08 13:35:15 - ETL_CSV - INFO - ==================================================
2025-12-08 13:35:15 - ETL_CSV - INFO - 
[1/3] EXTRACTION
2025-12-08 13:35:15 - ETL_CSV - INFO - Extraction de ventes.csv
2025-12-08 13:35:15 - ETL_CSV - ERROR - Erreur extraction CSV: [Errno 2] No such file or directory: 'ventes.csv'
2025-12-08 13:35:15 - ETL_CSV - ERROR - 
PIPELINE ÉCHOUÉ: [Errno 2] No such file or directory: 'ventes.csv'
2025-12-08 13:37:42 - ETL_CSV - INFO - ==================================================
2025-12-08 13:37:42 - ETL_CSV - INFO - DÉBUT DU PIPELINE ETL
2025-12-08 13:37:42 - ETL_CSV - INFO - ==================================================
2025-12-08 13:37:42 - ETL_CSV - INFO - 
[1/3] EXTRACTION
2025-12-08 13:37:42 - ETL_CSV - INFO - Extraction de ventes.csv
2025-12-08 13:37:42 - ETL_CSV - ERROR - Erreur extraction CSV: [Errno 2] No such file or directory: 'ventes.csv'
2025-12-08 13:37:42 - ETL_CSV - ERROR - 
PIPELINE ÉCHOUÉ: [Errno 2] No such file or directory: 'ventes.csv'
2025-12-08 13:38:27 - ETL_CSV - INFO - ==================================================
2025-12-08 13:38:27 - ETL_CSV - INFO - DÉBUT DU PIPELINE ETL
2025-12-08 13:38:27 - ETL_CSV - INFO - ==================================================
2025-12-08 13:38:27 - ETL_CSV - INFO - 
[1/3] EXTRACTION
2025-12-08 13:38:27 - ETL_CSV - INFO - Extraction de ventes.csv
2025-12-08 13:38:27 - ETL_CSV - ERROR - Erreur extraction CSV: [Errno 2] No such file or directory: 'ventes.csv'
2025-12-08 13:38:27 - ETL_CSV - ERROR - 
PIPELINE ÉCHOUÉ: [Errno 2] No such file or directory: 'ventes.csv'
2025-12-08 13:40:39 - ETL_CSV - INFO - ==================================================
2025-12-08 13:40:39 - ETL_CSV - INFO - DÉBUT DU PIPELINE ETL
2025-12-08 13:40:39 - ETL_CSV - INFO - ==================================================
2025-12-08 13:40:39 - ETL_CSV - INFO - 
[1/3] EXTRACTION
2025-12-08 13:40:39 - ETL_CSV - INFO - Extraction de data/raw\ventes.csv
2025-12-08 13:40:39 - ETL_CSV - INFO - 9 lignes extraites
2025-12-08 13:40:39 - ETL_CSV - INFO - 
[2/3] TRANSFORMATION
2025-12-08 13:40:39 - ETL_CSV - INFO - Nettoyage des données
2025-12-08 13:40:39 - ETL_CSV - INFO -   - 0 doublons supprimés
2025-12-08 13:40:39 - ETL_CSV - INFO - Nettoyage terminé: 9 lignes
2025-12-08 13:40:39 - ETL_CSV - ERROR - 
PIPELINE ÉCHOUÉ: Colonnes manquantes: {'title', 'userId', 'id', 'body'}
2025-12-08 13:41:50 - ETL_CSV - INFO - ==================================================
2025-12-08 13:41:50 - ETL_CSV - INFO - DÉBUT DU PIPELINE ETL
2025-12-08 13:41:50 - ETL_CSV - INFO - ==================================================
2025-12-08 13:41:50 - ETL_CSV - INFO - 
[1/3] EXTRACTION
2025-12-08 13:41:50 - ETL_CSV - INFO - Extraction de data/raw\ventes.csv
2025-12-08 13:41:50 - ETL_CSV - INFO - 9 lignes extraites
2025-12-08 13:41:50 - ETL_CSV - INFO - 
[2/3] TRANSFORMATION
2025-12-08 13:41:50 - ETL_CSV - INFO - Nettoyage des données
2025-12-08 13:41:50 - ETL_CSV - INFO -   - 0 doublons supprimés
2025-12-08 13:41:50 - ETL_CSV - INFO - Nettoyage terminé: 9 lignes
2025-12-08 13:41:50 - ETL_CSV - INFO - Validation réussie
2025-12-08 13:41:50 - ETL_CSV - INFO - Enrichissement des données
2025-12-08 13:41:50 - ETL_CSV - ERROR - Erreur enrichissement: 'title'
2025-12-08 13:41:50 - ETL_CSV - ERROR - 
PIPELINE ÉCHOUÉ: 'title'
2025-12-08 13:43:34 - ETL_CSV - INFO - ==================================================
2025-12-08 13:43:34 - ETL_CSV - INFO - DÉBUT DU PIPELINE ETL
2025-12-08 13:43:34 - ETL_CSV - INFO - ==================================================
2025-12-08 13:43:34 - ETL_CSV - INFO - 
[1/3] EXTRACTION
2025-12-08 13:43:34 - ETL_CSV - INFO - Extraction de data/raw\ventes.csv
2025-12-08 13:43:34 - ETL_CSV - INFO - 9 lignes extraites
2025-12-08 13:43:34 - ETL_CSV - INFO - 
[2/3] TRANSFORMATION
2025-12-08 13:43:34 - ETL_CSV - INFO - Nettoyage des données
2025-12-08 13:43:34 - ETL_CSV - INFO -   - 0 doublons supprimés
2025-12-08 13:43:34 - ETL_CSV - INFO - Nettoyage terminé: 9 lignes
2025-12-08 13:43:34 - ETL_CSV - INFO - Validation réussie
2025-12-08 13:43:34 - ETL_CSV - INFO - 
[3/3] CHARGEMENT
2025-12-08 13:43:34 - ETL_CSV - INFO - Chargement vers data/output\rapport_ventes
2025-12-08 13:43:34 - ETL_CSV - ERROR - Erreur chargement Excel: At least one sheet must be visible
2025-12-08 13:43:34 - ETL_CSV - ERROR - 
PIPELINE ÉCHOUÉ: At least one sheet must be visible
2025-12-08 13:44:18 - ETL_CSV - INFO - ==================================================
2025-12-08 13:44:18 - ETL_CSV - INFO - DÉBUT DU PIPELINE ETL
2025-12-08 13:44:18 - ETL_CSV - INFO - ==================================================
2025-12-08 13:44:18 - ETL_CSV - INFO - 
[1/3] EXTRACTION
2025-12-08 13:44:18 - ETL_CSV - INFO - Extraction de data/raw\ventes.csv
2025-12-08 13:44:18 - ETL_CSV - INFO - 9 lignes extraites
2025-12-08 13:44:18 - ETL_CSV - INFO - 
[2/3] TRANSFORMATION
2025-12-08 13:44:18 - ETL_CSV - INFO - Nettoyage des données
2025-12-08 13:44:18 - ETL_CSV - INFO -   - 0 doublons supprimés
2025-12-08 13:44:18 - ETL_CSV - INFO - Nettoyage terminé: 9 lignes
2025-12-08 13:44:18 - ETL_CSV - INFO - Validation réussie
2025-12-08 13:44:18 - ETL_CSV - INFO - 
[3/3] CHARGEMENT
2025-12-08 13:44:18 - ETL_CSV - INFO - Chargement vers data/output\rapport_ventes
2025-12-08 13:44:19 - ETL_CSV - ERROR - Erreur chargement Excel: At least one sheet must be visible
2025-12-08 13:44:19 - ETL_CSV - ERROR - 
PIPELINE ÉCHOUÉ: At least one sheet must be visible
2025-12-08 13:46:21 - ETL_CSV - INFO - ==================================================
2025-12-08 13:46:21 - ETL_CSV - INFO - DÉBUT DU PIPELINE ETL
2025-12-08 13:46:21 - ETL_CSV - INFO - ==================================================
2025-12-08 13:46:21 - ETL_CSV - INFO - 
[1/3] EXTRACTION
2025-12-08 13:46:21 - ETL_CSV - INFO - Extraction de data/raw\ventes.csv
2025-12-08 13:46:21 - ETL_CSV - INFO - 9 lignes extraites
2025-12-08 13:46:21 - ETL_CSV - INFO - 
[2/3] TRANSFORMATION
2025-12-08 13:46:21 - ETL_CSV - INFO - Nettoyage des données
2025-12-08 13:46:21 - ETL_CSV - INFO -   - 0 doublons supprimés
2025-12-08 13:46:21 - ETL_CSV - INFO - Nettoyage terminé: 9 lignes
2025-12-08 13:46:21 - ETL_CSV - INFO - Validation réussie
2025-12-08 13:46:21 - ETL_CSV - INFO - Validation réussie
2025-12-08 13:46:21 - ETL_CSV - INFO - 
[3/3] CHARGEMENT
2025-12-08 13:46:21 - ETL_CSV - INFO - Chargement vers data/output\rapport_ventes
2025-12-08 13:46:21 - ETL_CSV - ERROR - Erreur chargement Excel: At least one sheet must be visible
2025-12-08 13:46:21 - ETL_CSV - ERROR - 
PIPELINE ÉCHOUÉ: At least one sheet must be visible
2025-12-08 13:48:25 - ETL_CSV - INFO - ==================================================
2025-12-08 13:48:25 - ETL_CSV - INFO - DÉBUT DU PIPELINE ETL
2025-12-08 13:48:25 - ETL_CSV - INFO - ==================================================
2025-12-08 13:48:25 - ETL_CSV - INFO - 
[1/3] EXTRACTION
2025-12-08 13:48:25 - ETL_CSV - INFO - Extraction de data/raw\ventes.csv
2025-12-08 13:48:25 - ETL_CSV - INFO - 9 lignes extraites
2025-12-08 13:48:25 - ETL_CSV - INFO - 
[2/3] TRANSFORMATION
2025-12-08 13:48:25 - ETL_CSV - INFO - Nettoyage des données
2025-12-08 13:48:25 - ETL_CSV - INFO -   - 0 doublons supprimés
2025-12-08 13:48:25 - ETL_CSV - INFO - Nettoyage terminé: 9 lignes
2025-12-08 13:48:25 - ETL_CSV - INFO - Validation réussie
2025-12-08 13:48:25 - ETL_CSV - INFO - Validation réussie
2025-12-08 13:48:25 - ETL_CSV - INFO - 
[3/3] CHARGEMENT
2025-12-08 13:48:25 - ETL_CSV - INFO - Chargement vers data/output\rapport_ventes
2025-12-08 13:48:25 - ETL_CSV - ERROR - Erreur chargement Excel: At least one sheet must be visible
2025-12-08 13:48:25 - ETL_CSV - ERROR - 
PIPELINE ÉCHOUÉ: At least one sheet must be visible
2025-12-08 13:50:35 - ETL_CSV - INFO - ==================================================
2025-12-08 13:50:35 - ETL_CSV - INFO - DÉBUT DU PIPELINE ETL
2025-12-08 13:50:35 - ETL_CSV - INFO - ==================================================
2025-12-08 13:50:35 - ETL_CSV - INFO - 
[1/3] EXTRACTION
2025-12-08 13:50:35 - ETL_CSV - INFO - Extraction de data/raw\ventes.csv
2025-12-08 13:50:35 - ETL_CSV - INFO - 9 lignes extraites
2025-12-08 13:50:35 - ETL_CSV - INFO - 
[2/3] TRANSFORMATION
2025-12-08 13:50:35 - ETL_CSV - INFO - Nettoyage des données
2025-12-08 13:50:35 - ETL_CSV - INFO -   - 0 doublons supprimés
2025-12-08 13:50:35 - ETL_CSV - INFO - Nettoyage terminé: 9 lignes
2025-12-08 13:50:35 - ETL_CSV - INFO - Validation réussie
2025-12-08 13:50:35 - ETL_CSV - INFO - Validation réussie
2025-12-08 13:50:35 - ETL_CSV - INFO - 
[3/3] CHARGEMENT
2025-12-08 13:50:35 - ETL_CSV - INFO - Chargement vers data/output\rapport_ventes
2025-12-08 13:50:35 - ETL_CSV - ERROR - Erreur chargement Excel: At least one sheet must be visible
2025-12-08 13:50:35 - ETL_CSV - ERROR - 
PIPELINE ÉCHOUÉ: At least one sheet must be visible
2025-12-08 13:56:26 - ETL_CSV - INFO - ==================================================
2025-12-08 13:56:26 - ETL_CSV - INFO - DÉBUT DU PIPELINE ETL
2025-12-08 13:56:26 - ETL_CSV - INFO - ==================================================
2025-12-08 13:56:26 - ETL_CSV - INFO - 
[1/3] EXTRACTION
2025-12-08 13:56:26 - ETL_CSV - INFO - Extraction de data/raw\ventes.csv
2025-12-08 13:56:26 - ETL_CSV - INFO - 9 lignes extraites
2025-12-08 13:56:26 - ETL_CSV - INFO - 
[2/3] TRANSFORMATION
2025-12-08 13:56:26 - ETL_CSV - INFO - Nettoyage des données
2025-12-08 13:56:26 - ETL_CSV - INFO -   - 0 doublons supprimés
2025-12-08 13:56:26 - ETL_CSV - INFO - Nettoyage terminé: 9 lignes
2025-12-08 13:56:26 - ETL_CSV - INFO - Validation réussie
2025-12-08 13:56:26 - ETL_CSV - INFO - Enrichissement des données
2025-12-08 13:56:26 - ETL_CSV - INFO - Enrichissement terminé
2025-12-08 13:56:26 - ETL_CSV - INFO - 
[3/3] CHARGEMENT
2025-12-08 13:56:26 - ETL_CSV - INFO - Chargement vers data/output\rapport_ventes
2025-12-08 13:56:26 - ETL_CSV - INFO - 9 lignes chargées
2025-12-08 13:56:26 - ETL_CSV - INFO - 
==================================================
2025-12-08 13:56:26 - ETL_CSV - INFO - PIPELINE TERMINÉ AVEC SUCCÈS
2025-12-08 13:56:26 - ETL_CSV - INFO - ==================================================
2025-12-08 13:56:50 - ETL_CSV - INFO - ==================================================
2025-12-08 13:56:50 - ETL_CSV - INFO - DÉBUT DU PIPELINE ETL
2025-12-08 13:56:50 - ETL_CSV - INFO - ==================================================
2025-12-08 13:56:50 - ETL_CSV - INFO - 
[1/3] EXTRACTION
2025-12-08 13:56:50 - ETL_CSV - INFO - Extraction de data/raw\ventes.csv
2025-12-08 13:56:50 - ETL_CSV - INFO - 9 lignes extraites
2025-12-08 13:56:50 - ETL_CSV - INFO - 
[2/3] TRANSFORMATION
2025-12-08 13:56:50 - ETL_CSV - INFO - Nettoyage des données
2025-12-08 13:56:50 - ETL_CSV - INFO -   - 0 doublons supprimés
2025-12-08 13:56:50 - ETL_CSV - INFO - Nettoyage terminé: 9 lignes
2025-12-08 13:56:50 - ETL_CSV - INFO - Validation réussie
2025-12-08 13:56:50 - ETL_CSV - INFO - Enrichissement des données
2025-12-08 13:56:50 - ETL_CSV - INFO - Enrichissement terminé
2025-12-08 13:56:50 - ETL_CSV - INFO - 
[3/3] CHARGEMENT
2025-12-08 13:56:50 - ETL_CSV - INFO - Chargement vers data/output\rapport_ventes.xlsx
2025-12-08 13:56:50 - ETL_CSV - INFO - 9 lignes chargées
2025-12-08 13:56:50 - ETL_CSV - INFO - 
==================================================
2025-12-08 13:56:50 - ETL_CSV - INFO - PIPELINE TERMINÉ AVEC SUCCÈS
2025-12-08 13:56:50 - ETL_CSV - INFO - ==================================================
2025-12-08 14:09:36 - ETL_CSV - INFO - ==================================================
2025-12-08 14:09:36 - ETL_CSV - INFO - DÉBUT DU PIPELINE ETL
2025-12-08 14:09:36 - ETL_CSV - INFO - ==================================================
2025-12-08 14:09:36 - ETL_CSV - INFO - 
[1/3] EXTRACTION
2025-12-08 14:09:36 - ETL_CSV - INFO - Extraction de data/raw\products.csv
2025-12-08 14:09:36 - ETL_CSV - INFO - 5 lignes extraites
2025-12-08 14:09:36 - ETL_CSV - INFO - 
[2/3] TRANSFORMATION
2025-12-08 14:09:36 - ETL_CSV - INFO - Nettoyage des données
2025-12-08 14:09:36 - ETL_CSV - INFO -   - 0 doublons supprimés
2025-12-08 14:09:36 - ETL_CSV - INFO - Nettoyage terminé: 5 lignes
2025-12-08 14:09:36 - ETL_CSV - ERROR - 
PIPELINE ÉCHOUÉ: Colonnes manquantes: {'quantite', 'date', 'prix_unitaire', 'produit_id', 'client_id'}
2025-12-08 14:15:56 - ETL_CSV - INFO - ==================================================
2025-12-08 14:15:56 - ETL_CSV - INFO - DÉBUT DU PIPELINE ETL
2025-12-08 14:15:56 - ETL_CSV - INFO - ==================================================
2025-12-08 14:15:56 - ETL_CSV - INFO - 
[1/3] EXTRACTION
2025-12-08 14:15:56 - ETL_CSV - INFO - Extraction de data/raw\products.csv
2025-12-08 14:15:56 - ETL_CSV - INFO - 5 lignes extraites
2025-12-08 14:15:56 - ETL_CSV - INFO - 
[2/3] TRANSFORMATION
2025-12-08 14:15:56 - ETL_CSV - INFO - Nettoyage des données
2025-12-08 14:15:56 - ETL_CSV - INFO -   - 0 doublons supprimés
2025-12-08 14:15:56 - ETL_CSV - INFO - Nettoyage terminé: 5 lignes
2025-12-08 14:15:56 - ETL_CSV - INFO - Validation réussie
2025-12-08 14:15:56 - ETL_CSV - INFO - Enrichissement des données
2025-12-08 14:15:56 - ETL_CSV - INFO - Enrichissement terminé
2025-12-08 14:15:56 - ETL_CSV - INFO - 
[3/3] CHARGEMENT
2025-12-08 14:15:56 - ETL_CSV - INFO - Chargement vers data/output\rapport_ventes.xlsx
2025-12-08 14:15:56 - ETL_CSV - INFO - 5 lignes chargées
2025-12-08 14:15:56 - ETL_CSV - INFO - 
==================================================
2025-12-08 14:15:56 - ETL_CSV - INFO - PIPELINE TERMINÉ AVEC SUCCÈS
2025-12-08 14:15:56 - ETL_CSV - INFO - ==================================================
2025-12-08 14:16:42 - ETL_CSV - INFO - ==================================================
2025-12-08 14:16:42 - ETL_CSV - INFO - DÉBUT DU PIPELINE ETL
2025-12-08 14:16:42 - ETL_CSV - INFO - ==================================================
2025-12-08 14:16:42 - ETL_CSV - INFO - 
[1/3] EXTRACTION
2025-12-08 14:16:42 - ETL_CSV - INFO - Extraction de data/raw\products.csv
2025-12-08 14:16:42 - ETL_CSV - INFO - 5 lignes extraites
2025-12-08 14:16:42 - ETL_CSV - INFO - 
[2/3] TRANSFORMATION
2025-12-08 14:16:42 - ETL_CSV - INFO - Nettoyage des données
2025-12-08 14:16:42 - ETL_CSV - INFO -   - 0 doublons supprimés
2025-12-08 14:16:42 - ETL_CSV - INFO - Nettoyage terminé: 5 lignes
2025-12-08 14:16:42 - ETL_CSV - INFO - Validation réussie
2025-12-08 14:16:42 - ETL_CSV - INFO - Enrichissement des données
2025-12-08 14:16:42 - ETL_CSV - INFO - Enrichissement terminé
2025-12-08 14:16:42 - ETL_CSV - INFO - 
[3/3] CHARGEMENT
2025-12-08 14:16:42 - ETL_CSV - INFO - Chargement vers data/output\products.xlsx
2025-12-08 14:16:42 - ETL_CSV - INFO - 5 lignes chargées
2025-12-08 14:16:42 - ETL_CSV - INFO - 
==================================================
2025-12-08 14:16:42 - ETL_CSV - INFO - PIPELINE TERMINÉ AVEC SUCCÈS
2025-12-08 14:16:42 - ETL_CSV - INFO - ==================================================
2025-12-08 14:19:08 - ETL_CSV - INFO - ==================================================
2025-12-08 14:19:08 - ETL_CSV - INFO - DÉBUT DU PIPELINE ETL
2025-12-08 14:19:08 - ETL_CSV - INFO - ==================================================
2025-12-08 14:19:08 - ETL_CSV - INFO - 
[1/3] EXTRACTION
2025-12-08 14:19:08 - ETL_CSV - INFO - Extraction de data/raw\products.csv
2025-12-08 14:19:08 - ETL_CSV - INFO - 5 lignes extraites
2025-12-08 14:19:08 - ETL_CSV - INFO - 
[2/3] TRANSFORMATION
2025-12-08 14:19:08 - ETL_CSV - INFO - Nettoyage des données
2025-12-08 14:19:08 - ETL_CSV - INFO -   - 0 doublons supprimés
2025-12-08 14:19:08 - ETL_CSV - INFO - Nettoyage terminé: 5 lignes
2025-12-08 14:19:08 - ETL_CSV - INFO - Validation réussie
2025-12-08 14:19:08 - ETL_CSV - INFO - Enrichissement des données
2025-12-08 14:19:08 - ETL_CSV - INFO - Enrichissement terminé
2025-12-08 14:19:08 - ETL_CSV - INFO - 
[3/3] CHARGEMENT
2025-12-08 14:19:08 - ETL_CSV - INFO - Chargement vers data/output\products.xlsx
2025-12-08 14:19:08 - ETL_CSV - INFO - 5 lignes chargées
2025-12-08 14:19:08 - ETL_CSV - INFO - 
==================================================
2025-12-08 14:19:08 - ETL_CSV - INFO - PIPELINE TERMINÉ AVEC SUCCÈS
2025-12-08 14:19:08 - ETL_CSV - INFO - ==================================================
2025-12-08 14:22:31 - ETL_CSV - INFO - ==================================================
2025-12-08 14:22:31 - ETL_CSV - INFO - DÉBUT DU PIPELINE ETL
2025-12-08 14:22:31 - ETL_CSV - INFO - ==================================================
2025-12-08 14:22:31 - ETL_CSV - INFO - 
[1/3] EXTRACTION
2025-12-08 14:22:31 - ETL_CSV - INFO - Extraction de https://openweathermap.org//posts
2025-12-08 14:22:31 - ETL_CSV - ERROR - Erreur extraction API: 404 Client Error: Not Found for url: https://openweathermap.org//posts?_limit=20
2025-12-08 14:22:31 - ETL_CSV - ERROR - 
PIPELINE ÉCHOUÉ: 404 Client Error: Not Found for url: https://openweathermap.org//posts?_limit=20
2025-12-08 14:32:01 - ETL_CSV - INFO - ==================================================
2025-12-08 14:32:01 - ETL_CSV - INFO - DÉBUT DU PIPELINE ETL
2025-12-08 14:32:01 - ETL_CSV - INFO - ==================================================
2025-12-08 14:32:01 - ETL_CSV - INFO - 
[1/3] EXTRACTION
2025-12-08 14:32:01 - ETL_CSV - INFO - Extraction de https://api.openweathermap.org/data/2.5/weather/posts
2025-12-08 14:32:02 - ETL_CSV - ERROR - Erreur extraction API: 401 Client Error: Unauthorized for url: https://api.openweathermap.org/data/2.5/weather/posts?_limit=20
2025-12-08 14:32:02 - ETL_CSV - ERROR - 
PIPELINE ÉCHOUÉ: 401 Client Error: Unauthorized for url: https://api.openweathermap.org/data/2.5/weather/posts?_limit=20
2025-12-08 14:32:32 - ETL_CSV - INFO - ==================================================
2025-12-08 14:32:32 - ETL_CSV - INFO - DÉBUT DU PIPELINE ETL
2025-12-08 14:32:32 - ETL_CSV - INFO - ==================================================
2025-12-08 14:32:32 - ETL_CSV - INFO - 
[1/3] EXTRACTION
2025-12-08 14:32:32 - ETL_CSV - INFO - Extraction de https://api.openweathermap.org/data/2.5/weather
2025-12-08 14:32:33 - ETL_CSV - ERROR - Erreur extraction API: 401 Client Error: Unauthorized for url: https://api.openweathermap.org/data/2.5/weather?_limit=20
2025-12-08 14:32:33 - ETL_CSV - ERROR - 
PIPELINE ÉCHOUÉ: 401 Client Error: Unauthorized for url: https://api.openweathermap.org/data/2.5/weather?_limit=20
